<?xml version="1.0" encoding="UTF-8"?>
<testsuite xmlns:xsi="http://www.w3.org/2001/XMLSchema-instance" xsi:noNamespaceSchemaLocation="https://maven.apache.org/surefire/maven-surefire-plugin/xsd/surefire-test-report-3.0.xsd" version="3.0" name="com.example.AAAPatternTest" time="0.075" tests="2" errors="0" skipped="0" failures="0">
  <properties>
[...]
</properties>
  <testcase name="testAddition" classname="com.example.AAAPatternTest" time="0.011">
    <system-out><![CDATA[Setting up Calculator...
Cleaning up Calculator...
]]></system-out>
  </testcase>
  <testcase name="testSubtraction" classname="com.example.AAAPatternTest" time="0.003">
    <system-out><![CDATA[Setting up Calculator...
Cleaning up Calculator...
]]></system-out>
  </testcase>
</testsuite>